#
# There is insufficient memory for the Java Runtime Environment to continue.
# Native memory allocation (mmap) failed to map 65536 bytes for Failed to commit metaspace.
# Possible reasons:
#   The system is out of physical RAM or swap space
#   The process is running with CompressedOops enabled, and the Java Heap may be blocking the growth of the native heap
# Possible solutions:
#   Reduce memory load on the system
#   Increase physical memory or swap space
#   Check if swap backing store is full
#   Decrease Java heap size (-Xmx/-Xms)
#   Decrease number of Java threads
#   Decrease Java thread stack sizes (-Xss)
#   Set larger code cache with -XX:ReservedCodeCacheSize=
#   JVM is running with Zero Based Compressed Oops mode in which the Java heap is
#     placed in the first 32GB address space. The Java Heap base address is the
#     maximum limit for the native heap growth. Please use -XX:HeapBaseMinAddress
#     to set the Java Heap base and to place the Java Heap above 32GB virtual address.
# This output file may be truncated or incomplete.
#
#  Out of Memory Error (virtualSpaceNode.cpp:110), pid=1176, tid=3748
#
# JRE version: Java(TM) SE Runtime Environment (17.0.4+11) (build 17.0.4+11-LTS-179)
# Java VM: Java HotSpot(TM) 64-Bit Server VM (17.0.4+11-LTS-179, mixed mode, emulated-client, sharing, tiered, compressed oops, compressed class ptrs, g1 gc, windows-amd64)
# No core dump will be written. Minidumps are not enabled by default on client versions of Windows
#

---------------  S U M M A R Y ------------

Command Line: -XX:TieredStopAtLevel=1 -Dspring.output.ansi.enabled=always -Dcom.sun.management.jmxremote -Dspring.jmx.enabled=true -Dspring.liveBeansView.mbeanDomain -Dspring.application.admin.enabled=true -javaagent:D:\IDE\IntelliJ IDEA 2022.2.3\lib\idea_rt.jar=49330:D:\IDE\IntelliJ IDEA 2022.2.3\bin -Dfile.encoding=UTF-8 ru.kata.spring.boot_security.demo.SpringBootSecurityDemoApplication

Host: AMD Ryzen 5 3500U with Radeon Vega Mobile Gfx  , 8 cores, 17G,  Windows 10 , 64 bit Build 19041 (10.0.19041.2251)
Time: Fri Nov 25 16:00:38 2022 RTZ 2 (s 10 , 64 bit Build 19041 (10.0.19041.2251) elapsed time: 1.638420 seconds (0d 0h 0m 1s)

---------------  T H R E A D  ---------------

Current thread (0x0000026a97523c90):  JavaThread "background-preinit" [_thread_in_vm, id=3748, stack(0x0000008602400000,0x0000008602500000)]

Stack: [0x0000008602400000,0x0000008602500000]
Native frames: (J=compiled Java code, j=interpreted, Vv=VM code, C=native code)
V  [jvm.dll+0x6723da]
V  [jvm.dll+0x7d1f74]
V  [jvm.dll+0x7d371e]
V  [jvm.dll+0x7d3d83]
V  [jvm.dll+0x242ed5]
V  [jvm.dll+0x7cdf1b]
V  [jvm.dll+0x618186]
V  [jvm.dll+0x1be79e]
V  [jvm.dll+0x61aac1]
V  [jvm.dll+0x618b26]
V  [jvm.dll+0x629849]
V  [jvm.dll+0x622b54]
V  [jvm.dll+0x37c3e1]
C  0x0000026a877ac27e

Java frames: (J=compiled Java code, j=interpreted, Vv=VM code)
j  com.fasterxml.classmate.TypeResolver.<clinit>()V+0
v  ~StubRoutines::call_stub
j  org.hibernate.validator.internal.util.TypeResolutionHelper.<init>()V+5
j  org.hibernate.validator.internal.engine.ValidatorFactoryImpl.<init>(Ljavax/validation/spi/ConfigurationState;)V+223
j  org.hibernate.validator.HibernateValidator.buildValidatorFactory(Ljavax/validation/spi/ConfigurationState;)Ljavax/validation/ValidatorFactory;+5
j  org.hibernate.validator.internal.engine.AbstractConfigurationImpl.buildValidatorFactory()Ljavax/validation/ValidatorFactory;+211
j  org.springframework.boot.autoconfigure.BackgroundPreinitializer$ValidationInitializer.run()V+10
j  org.springframework.boot.autoconfigure.BackgroundPreinitializer$1.runSafely(Ljava/lang/Runnable;)V+1
j  org.springframework.boot.autoconfigure.BackgroundPreinitializer$1.run()V+21
j  java.lang.Thread.run()V+11 java.base@17.0.4
v  ~StubRoutines::call_stub

---------------  P R O C E S S  ---------------

Threads class SMR info:
_java_thread_list=0x0000026a97a2cbf0, length=17, elements={
0x0000026afe468b30, 0x0000026a963d7f60, 0x0000026a963d9480, 0x0000026a963f1760,
0x0000026a963f4030, 0x0000026a963f5090, 0x0000026a963f7100, 0x0000026a963f7a70,
0x0000026a963f8370, 0x0000026a9645e7c0, 0x0000026a97086470, 0x0000026a973f5570,
0x0000026a973f5a40, 0x0000026a97590e40, 0x0000026a97524630, 0x0000026a97834d90,
0x0000026a97523c90
}

Java Threads: ( => current thread )
  0x0000026afe468b30 JavaThread "main" [_thread_in_vm, id=13948, stack(0x0000008600400000,0x0000008600500000)]
  0x0000026a963d7f60 JavaThread "Reference Handler" daemon [_thread_blocked, id=9324, stack(0x0000008600b00000,0x0000008600c00000)]
  0x0000026a963d9480 JavaThread "Finalizer" daemon [_thread_blocked, id=13848, stack(0x0000008600c00000,0x0000008600d00000)]
  0x0000026a963f1760 JavaThread "Signal Dispatcher" daemon [_thread_blocked, id=12496, stack(0x0000008600d00000,0x0000008600e00000)]
  0x0000026a963f4030 JavaThread "Attach Listener" daemon [_thread_blocked, id=8520, stack(0x0000008600e00000,0x0000008600f00000)]
  0x0000026a963f5090 JavaThread "Service Thread" daemon [_thread_blocked, id=5780, stack(0x0000008600f00000,0x0000008601000000)]
  0x0000026a963f7100 JavaThread "Monitor Deflation Thread" daemon [_thread_blocked, id=14296, stack(0x0000008601000000,0x0000008601100000)]
  0x0000026a963f7a70 JavaThread "C1 CompilerThread0" daemon [_thread_blocked, id=4912, stack(0x0000008601100000,0x0000008601200000)]
  0x0000026a963f8370 JavaThread "Sweeper thread" daemon [_thread_blocked, id=5564, stack(0x0000008601200000,0x0000008601300000)]
  0x0000026a9645e7c0 JavaThread "Common-Cleaner" daemon [_thread_blocked, id=2244, stack(0x0000008601300000,0x0000008601400000)]
  0x0000026a97086470 JavaThread "C1 CompilerThread1" daemon [_thread_blocked, id=13908, stack(0x0000008601400000,0x0000008601500000)]
  0x0000026a973f5570 JavaThread "Monitor Ctrl-Break" daemon [_thread_in_native, id=3172, stack(0x0000008601500000,0x0000008601600000)]
  0x0000026a973f5a40 JavaThread "Notification Thread" daemon [_thread_blocked, id=1676, stack(0x0000008601600000,0x0000008601700000)]
  0x0000026a97590e40 JavaThread "C1 CompilerThread2" daemon [_thread_blocked, id=3848, stack(0x0000008601700000,0x0000008601800000)]
  0x0000026a97524630 JavaThread "RMI TCP Accept-0" daemon [_thread_in_native, id=680, stack(0x0000008601800000,0x0000008601900000)]
  0x0000026a97834d90 JavaThread "C1 CompilerThread3" daemon [_thread_blocked, id=4892, stack(0x0000008601a00000,0x0000008601b00000)]
=>0x0000026a97523c90 JavaThread "background-preinit" [_thread_in_vm, id=3748, stack(0x0000008602400000,0x0000008602500000)]

Other Threads:
  0x0000026a963d03e0 VMThread "VM Thread" [stack: 0x0000008600a00000,0x0000008600b00000] [id=4060]
  0x0000026afe469ae0 WatcherThread [stack: 0x0000008601900000,0x0000008601a00000] [id=12456]
  0x0000026afe4d8430 GCTaskThread "GC Thread#0" [stack: 0x0000008600500000,0x0000008600600000] [id=4728]
  0x0000026a97884840 GCTaskThread "GC Thread#1" [stack: 0x0000008601b00000,0x0000008601c00000] [id=6608]
  0x0000026a97883820 GCTaskThread "GC Thread#2" [stack: 0x0000008601c00000,0x0000008601d00000] [id=4224]
  0x0000026a97884af0 GCTaskThread "GC Thread#3" [stack: 0x0000008601d00000,0x0000008601e00000] [id=7508]
  0x0000026a97883d80 GCTaskThread "GC Thread#4" [stack: 0x0000008601e00000,0x0000008601f00000] [id=7180]
  0x0000026a97884030 GCTaskThread "GC Thread#5" [stack: 0x0000008601f00000,0x0000008602000000] [id=12588]
  0x0000026a97883ad0 GCTaskThread "GC Thread#6" [stack: 0x0000008602000000,0x0000008602100000] [id=3784]
  0x0000026a97885300 GCTaskThread "GC Thread#7" [stack: 0x0000008602100000,0x0000008602200000] [id=13936]
  0x0000026afe4e3220 ConcurrentGCThread "G1 Main Marker" [stack: 0x0000008600600000,0x0000008600700000] [id=11404]
  0x0000026afe4e52f0 ConcurrentGCThread "G1 Conc#0" [stack: 0x0000008600700000,0x0000008600800000] [id=1156]
  0x0000026a962a20b0 ConcurrentGCThread "G1 Refine#0" [stack: 0x0000008600800000,0x0000008600900000] [id=7832]
  0x0000026a978ed5a0 ConcurrentGCThread "G1 Refine#1" [stack: 0x0000008602200000,0x0000008602300000] [id=9852]
  0x0000026a978d2260 ConcurrentGCThread "G1 Refine#2" [stack: 0x0000008602300000,0x0000008602400000] [id=11768]
  0x0000026a962a29e0 ConcurrentGCThread "G1 Service" [stack: 0x0000008600900000,0x0000008600a00000] [id=12348]

Threads with active compile tasks:

VM state: not at safepoint (normal execution)

VM Mutex/Monitor currently owned by a thread:  ([mutex/lock_event])
[0x0000026afe4621f0] Metaspace_lock - owner thread: 0x0000026a97523c90

Heap address: 0x00000006e0c00000, size: 4596 MB, Compressed Oops mode: Zero based, Oop shift amount: 3

CDS archive(s) mapped at: [0x0000000800000000-0x0000000800bc0000-0x0000000800bc0000), size 12320768, SharedBaseAddress: 0x0000000800000000, ArchiveRelocationMode: 0.
Compressed class space mapped at: 0x0000000800c00000-0x0000000840c00000, reserved size: 1073741824
Narrow klass base: 0x0000000800000000, Narrow klass shift: 0, Narrow klass range: 0x100000000

GC Precious Log:
 CPUs: 8 total, 8 available
 Memory: 18370M
 Large Page Support: Disabled
 NUMA Support: Disabled
 Compressed Oops: Enabled (Zero based)
 Heap Region Size: 4M
 Heap Min Capacity: 8M
 Heap Initial Capacity: 288M
 Heap Max Capacity: 4596M
 Pre-touch: Disabled
 Parallel Workers: 8
 Concurrent Workers: 2
 Concurrent Refinement Workers: 8
 Periodic GC: Disabled

Heap:
 garbage-first heap   total 294912K, used 32687K [0x00000006e0c00000, 0x0000000800000000)
  region size 4096K, 8 young (32768K), 1 survivors (4096K)
 Metaspace       used 14319K, committed 14464K, reserved 1064960K
  class space    used 2041K, committed 2112K, reserved 1048576K

Heap Regions: E=young(eden), S=young(survivor), O=old, HS=humongous(starts), HC=humongous(continues), CS=collection set, F=free, OA=open archive, CA=closed archive, TAMS=top-at-mark-start (previous, next)
|   0|0x00000006e0c00000, 0x00000006e1000000, 0x00000006e1000000|100%| O|  |TAMS 0x00000006e0c00000, 0x00000006e0c00000| Untracked 
|   1|0x00000006e1000000, 0x00000006e12d1200, 0x00000006e1400000| 70%| O|  |TAMS 0x00000006e1000000, 0x00000006e1000000| Untracked 
|   2|0x00000006e1400000, 0x00000006e1400000, 0x00000006e1800000|  0%| F|  |TAMS 0x00000006e1400000, 0x00000006e1400000| Untracked 
|   3|0x00000006e1800000, 0x00000006e1800000, 0x00000006e1c00000|  0%| F|  |TAMS 0x00000006e1800000, 0x00000006e1800000| Untracked 
|   4|0x00000006e1c00000, 0x00000006e1c00000, 0x00000006e2000000|  0%| F|  |TAMS 0x00000006e1c00000, 0x00000006e1c00000| Untracked 
|   5|0x00000006e2000000, 0x00000006e2000000, 0x00000006e2400000|  0%| F|  |TAMS 0x00000006e2000000, 0x00000006e2000000| Untracked 
|   6|0x00000006e2400000, 0x00000006e2400000, 0x00000006e2800000|  0%| F|  |TAMS 0x00000006e2400000, 0x00000006e2400000| Untracked 
|   7|0x00000006e2800000, 0x00000006e2800000, 0x00000006e2c00000|  0%| F|  |TAMS 0x00000006e2800000, 0x00000006e2800000| Untracked 
|   8|0x00000006e2c00000, 0x00000006e2c00000, 0x00000006e3000000|  0%| F|  |TAMS 0x00000006e2c00000, 0x00000006e2c00000| Untracked 
|   9|0x00000006e3000000, 0x00000006e3000000, 0x00000006e3400000|  0%| F|  |TAMS 0x00000006e3000000, 0x00000006e3000000| Untracked 
|  10|0x00000006e3400000, 0x00000006e3400000, 0x00000006e3800000|  0%| F|  |TAMS 0x00000006e3400000, 0x00000006e3400000| Untracked 
|  11|0x00000006e3800000, 0x00000006e3800000, 0x00000006e3c00000|  0%| F|  |TAMS 0x00000006e3800000, 0x00000006e3800000| Untracked 
|  12|0x00000006e3c00000, 0x00000006e3c00000, 0x00000006e4000000|  0%| F|  |TAMS 0x00000006e3c00000, 0x00000006e3c00000| Untracked 
|  13|0x00000006e4000000, 0x00000006e4000000, 0x00000006e4400000|  0%| F|  |TAMS 0x00000006e4000000, 0x00000006e4000000| Untracked 
|  14|0x00000006e4400000, 0x00000006e4400000, 0x00000006e4800000|  0%| F|  |TAMS 0x00000006e4400000, 0x00000006e4400000| Untracked 
|  15|0x00000006e4800000, 0x00000006e4800000, 0x00000006e4c00000|  0%| F|  |TAMS 0x00000006e4800000, 0x00000006e4800000| Untracked 
|  16|0x00000006e4c00000, 0x00000006e4c00000, 0x00000006e5000000|  0%| F|  |TAMS 0x00000006e4c00000, 0x00000006e4c00000| Untracked 
|  17|0x00000006e5000000, 0x00000006e5000000, 0x00000006e5400000|  0%| F|  |TAMS 0x00000006e5000000, 0x00000006e5000000| Untracked 
|  18|0x00000006e5400000, 0x00000006e5400000, 0x00000006e5800000|  0%| F|  |TAMS 0x00000006e5400000, 0x00000006e5400000| Untracked 
|  19|0x00000006e5800000, 0x00000006e5800000, 0x00000006e5c00000|  0%| F|  |TAMS 0x00000006e5800000, 0x00000006e5800000| Untracked 
|  20|0x00000006e5c00000, 0x00000006e5c00000, 0x00000006e6000000|  0%| F|  |TAMS 0x00000006e5c00000, 0x00000006e5c00000| Untracked 
|  21|0x00000006e6000000, 0x00000006e6000000, 0x00000006e6400000|  0%| F|  |TAMS 0x00000006e6000000, 0x00000006e6000000| Untracked 
|  22|0x00000006e6400000, 0x00000006e6400000, 0x00000006e6800000|  0%| F|  |TAMS 0x00000006e6400000, 0x00000006e6400000| Untracked 
|  23|0x00000006e6800000, 0x00000006e6800000, 0x00000006e6c00000|  0%| F|  |TAMS 0x00000006e6800000, 0x00000006e6800000| Untracked 
|  24|0x00000006e6c00000, 0x00000006e6c00000, 0x00000006e7000000|  0%| F|  |TAMS 0x00000006e6c00000, 0x00000006e6c00000| Untracked 
|  25|0x00000006e7000000, 0x00000006e7000000, 0x00000006e7400000|  0%| F|  |TAMS 0x00000006e7000000, 0x00000006e7000000| Untracked 
|  26|0x00000006e7400000, 0x00000006e7400000, 0x00000006e7800000|  0%| F|  |TAMS 0x00000006e7400000, 0x00000006e7400000| Untracked 
|  27|0x00000006e7800000, 0x00000006e7800000, 0x00000006e7c00000|  0%| F|  |TAMS 0x00000006e7800000, 0x00000006e7800000| Untracked 
|  28|0x00000006e7c00000, 0x00000006e7c00000, 0x00000006e8000000|  0%| F|  |TAMS 0x00000006e7c00000, 0x00000006e7c00000| Untracked 
|  29|0x00000006e8000000, 0x00000006e8000000, 0x00000006e8400000|  0%| F|  |TAMS 0x00000006e8000000, 0x00000006e8000000| Untracked 
|  30|0x00000006e8400000, 0x00000006e8400000, 0x00000006e8800000|  0%| F|  |TAMS 0x00000006e8400000, 0x00000006e8400000| Untracked 
|  31|0x00000006e8800000, 0x00000006e8800000, 0x00000006e8c00000|  0%| F|  |TAMS 0x00000006e8800000, 0x00000006e8800000| Untracked 
|  32|0x00000006e8c00000, 0x00000006e8c00000, 0x00000006e9000000|  0%| F|  |TAMS 0x00000006e8c00000, 0x00000006e8c00000| Untracked 
|  33|0x00000006e9000000, 0x00000006e9000000, 0x00000006e9400000|  0%| F|  |TAMS 0x00000006e9000000, 0x00000006e9000000| Untracked 
|  34|0x00000006e9400000, 0x00000006e9400000, 0x00000006e9800000|  0%| F|  |TAMS 0x00000006e9400000, 0x00000006e9400000| Untracked 
|  35|0x00000006e9800000, 0x00000006e9800000, 0x00000006e9c00000|  0%| F|  |TAMS 0x00000006e9800000, 0x00000006e9800000| Untracked 
|  36|0x00000006e9c00000, 0x00000006e9c00000, 0x00000006ea000000|  0%| F|  |TAMS 0x00000006e9c00000, 0x00000006e9c00000| Untracked 
|  37|0x00000006ea000000, 0x00000006ea000000, 0x00000006ea400000|  0%| F|  |TAMS 0x00000006ea000000, 0x00000006ea000000| Untracked 
|  38|0x00000006ea400000, 0x00000006ea400000, 0x00000006ea800000|  0%| F|  |TAMS 0x00000006ea400000, 0x00000006ea400000| Untracked 
|  39|0x00000006ea800000, 0x00000006ea800000, 0x00000006eac00000|  0%| F|  |TAMS 0x00000006ea800000, 0x00000006ea800000| Untracked 
|  40|0x00000006eac00000, 0x00000006eac00000, 0x00000006eb000000|  0%| F|  |TAMS 0x00000006eac00000, 0x00000006eac00000| Untracked 
|  41|0x00000006eb000000, 0x00000006eb000000, 0x00000006eb400000|  0%| F|  |TAMS 0x00000006eb000000, 0x00000006eb000000| Untracked 
|  42|0x00000006eb400000, 0x00000006eb400000, 0x00000006eb800000|  0%| F|  |TAMS 0x00000006eb400000, 0x00000006eb400000| Untracked 
|  43|0x00000006eb800000, 0x00000006eb800000, 0x00000006ebc00000|  0%| F|  |TAMS 0x00000006eb800000, 0x00000006eb800000| Untracked 
|  44|0x00000006ebc00000, 0x00000006ebc00000, 0x00000006ec000000|  0%| F|  |TAMS 0x00000006ebc00000, 0x00000006ebc00000| Untracked 
|  45|0x00000006ec000000, 0x00000006ec000000, 0x00000006ec400000|  0%| F|  |TAMS 0x00000006ec000000, 0x00000006ec000000| Untracked 
|  46|0x00000006ec400000, 0x00000006ec400000, 0x00000006ec800000|  0%| F|  |TAMS 0x00000006ec400000, 0x00000006ec400000| Untracked 
|  47|0x00000006ec800000, 0x00000006ec800000, 0x00000006ecc00000|  0%| F|  |TAMS 0x00000006ec800000, 0x00000006ec800000| Untracked 
|  48|0x00000006ecc00000, 0x00000006ecc00000, 0x00000006ed000000|  0%| F|  |TAMS 0x00000006ecc00000, 0x00000006ecc00000| Untracked 
|  49|0x00000006ed000000, 0x00000006ed000000, 0x00000006ed400000|  0%| F|  |TAMS 0x00000006ed000000, 0x00000006ed000000| Untracked 
|  50|0x00000006ed400000, 0x00000006ed400000, 0x00000006ed800000|  0%| F|  |TAMS 0x00000006ed400000, 0x00000006ed400000| Untracked 
|  51|0x00000006ed800000, 0x00000006ed800000, 0x00000006edc00000|  0%| F|  |TAMS 0x00000006ed800000, 0x00000006ed800000| Untracked 
|  52|0x00000006edc00000, 0x00000006edc00000, 0x00000006ee000000|  0%| F|  |TAMS 0x00000006edc00000, 0x00000006edc00000| Untracked 
|  53|0x00000006ee000000, 0x00000006ee000000, 0x00000006ee400000|  0%| F|  |TAMS 0x00000006ee000000, 0x00000006ee000000| Untracked 
|  54|0x00000006ee400000, 0x00000006ee400000, 0x00000006ee800000|  0%| F|  |TAMS 0x00000006ee400000, 0x00000006ee400000| Untracked 
|  55|0x00000006ee800000, 0x00000006ee800000, 0x00000006eec00000|  0%| F|  |TAMS 0x00000006ee800000, 0x00000006ee800000| Untracked 
|  56|0x00000006eec00000, 0x00000006eec00000, 0x00000006ef000000|  0%| F|  |TAMS 0x00000006eec00000, 0x00000006eec00000| Untracked 
|  57|0x00000006ef000000, 0x00000006ef000000, 0x00000006ef400000|  0%| F|  |TAMS 0x00000006ef000000, 0x00000006ef000000| Untracked 
|  58|0x00000006ef400000, 0x00000006ef400000, 0x00000006ef800000|  0%| F|  |TAMS 0x00000006ef400000, 0x00000006ef400000| Untracked 
|  59|0x00000006ef800000, 0x00000006ef800000, 0x00000006efc00000|  0%| F|  |TAMS 0x00000006ef800000, 0x00000006ef800000| Untracked 
|  60|0x00000006efc00000, 0x00000006efc00000, 0x00000006f0000000|  0%| F|  |TAMS 0x00000006efc00000, 0x00000006efc00000| Untracked 
|  61|0x00000006f0000000, 0x00000006f0000000, 0x00000006f0400000|  0%| F|  |TAMS 0x00000006f0000000, 0x00000006f0000000| Untracked 
|  62|0x00000006f0400000, 0x00000006f0400000, 0x00000006f0800000|  0%| F|  |TAMS 0x00000006f0400000, 0x00000006f0400000| Untracked 
|  63|0x00000006f0800000, 0x00000006f0800000, 0x00000006f0c00000|  0%| F|  |TAMS 0x00000006f0800000, 0x00000006f0800000| Untracked 
|  64|0x00000006f0c00000, 0x00000006f0d17920, 0x00000006f1000000| 27%| E|  |TAMS 0x00000006f0c00000, 0x00000006f0c00000| Complete 
|  65|0x00000006f1000000, 0x00000006f1400000, 0x00000006f1400000|100%| E|CS|TAMS 0x00000006f1000000, 0x00000006f1000000| Complete 
|  66|0x00000006f1400000, 0x00000006f1800000, 0x00000006f1800000|100%| E|CS|TAMS 0x00000006f1400000, 0x00000006f1400000| Complete 
|  67|0x00000006f1800000, 0x00000006f1c00000, 0x00000006f1c00000|100%| E|CS|TAMS 0x00000006f1800000, 0x00000006f1800000| Complete 
|  68|0x00000006f1c00000, 0x00000006f1d1ad20, 0x00000006f2000000| 27%| S|CS|TAMS 0x00000006f1c00000, 0x00000006f1c00000| Complete 
|  69|0x00000006f2000000, 0x00000006f2400000, 0x00000006f2400000|100%| E|CS|TAMS 0x00000006f2000000, 0x00000006f2000000| Complete 
|  70|0x00000006f2400000, 0x00000006f2800000, 0x00000006f2800000|100%| E|CS|TAMS 0x00000006f2400000, 0x00000006f2400000| Complete 
|  71|0x00000006f2800000, 0x00000006f2c00000, 0x00000006f2c00000|100%| E|CS|TAMS 0x00000006f2800000, 0x00000006f2800000| Complete 

Card table byte_map: [0x0000026afef50000,0x0000026aff850000] _byte_map_base: 0x0000026afb84a000

Marking Bits (Prev, Next): (CMBitMap*) 0x0000026afe4d9960, (CMBitMap*) 0x0000026afe4d99a0
 Prev Bits: [0x0000026a8b0a0000, 0x0000026a8f870000)
 Next Bits: [0x0000026a8f870000, 0x0000026a94040000)

Polling page: 0x0000026afc610000

Metaspace:

Usage:
  Non-class:     11.99 MB used.
      Class:      1.99 MB used.
       Both:     13.98 MB used.

Virtual space:
  Non-class space:       16.00 MB reserved,      12.06 MB ( 75%) committed,  2 nodes.
      Class space:        1.00 GB reserved,       2.06 MB ( <1%) committed,  1 nodes.
             Both:        1.02 GB reserved,      14.12 MB (  1%) committed. 

Chunk freelists:
   Non-Class:  3.86 MB
       Class:  1.95 MB
        Both:  5.81 MB

MaxMetaspaceSize: unlimited
CompressedClassSpaceSize: 1.00 GB
Initial GC threshold: 21.00 MB
Current GC threshold: 21.00 MB
CDS: on
MetaspaceReclaimPolicy: balanced
 - commit_granule_bytes: 65536.
 - commit_granule_words: 8192.
 - virtual_space_node_default_size: 1048576.
 - enlarge_chunks_in_place: 1.
 - new_chunks_are_fully_committed: 0.
 - uncommit_free_chunks: 1.
 - use_allocation_guard: 0.
 - handle_deallocations: 1.


Internal statistics:

num_allocs_failed_limit: 0.
num_arena_births: 184.
num_arena_deaths: 0.
num_vsnodes_births: 3.
num_vsnodes_deaths: 0.
num_space_committed: 226.
num_space_uncommitted: 0.
num_chunks_returned_to_freelist: 0.
num_chunks_taken_from_freelist: 560.
num_chunk_merges: 0.
num_chunk_splits: 394.
num_chunks_enlarged: 308.
num_purges: 0.
num_inconsistent_stats: 0.

CodeCache: size=49152Kb used=5847Kb max_used=5847Kb free=43304Kb
 bounds [0x0000026a877a0000, 0x0000026a87d60000, 0x0000026a8a7a0000]
 total_blobs=2482 nmethods=2013 adapters=393
 compilation: enabled
              stopped_count=0, restarted_count=0
 full_count=0

Compilation events (20 events):
Event: 1.618 Thread 0x0000026a97590e40 nmethod 2003 0x0000026a87d51190 code [0x0000026a87d51320, 0x0000026a87d513f8]
Event: 1.618 Thread 0x0000026a97086470 nmethod 2004 0x0000026a87d51490 code [0x0000026a87d51620, 0x0000026a87d516d8]
Event: 1.619 Thread 0x0000026a97590e40 2005       1       java.lang.Character::codePointAt (51 bytes)
Event: 1.619 Thread 0x0000026a97590e40 nmethod 2005 0x0000026a87d51790 code [0x0000026a87d51940, 0x0000026a87d51b48]
Event: 1.620 Thread 0x0000026a97086470 2006       1       org.springframework.util.AntPathMatcher::isWildcardChar (38 bytes)
Event: 1.620 Thread 0x0000026a97086470 nmethod 2006 0x0000026a87d51c10 code [0x0000026a87d51da0, 0x0000026a87d51ed8]
Event: 1.620 Thread 0x0000026a97086470 2007       1       java.util.regex.Pattern::lambda$ALL$3 (2 bytes)
Event: 1.620 Thread 0x0000026a97086470 nmethod 2007 0x0000026a87d51f90 code [0x0000026a87d52120, 0x0000026a87d521d8]
Event: 1.621 Thread 0x0000026a963f7a70 2008       1       org.springframework.util.StringUtils::replace (130 bytes)
Event: 1.622 Thread 0x0000026a97086470 2009       1       java.util.regex.Pattern$$Lambda$308/0x0000000800cbdc60::is (5 bytes)
Event: 1.622 Thread 0x0000026a97086470 nmethod 2009 0x0000026a87d52290 code [0x0000026a87d52420, 0x0000026a87d524f8]
Event: 1.623 Thread 0x0000026a97086470 2010       1       sun.nio.fs.WindowsPathParser::normalize (233 bytes)
Event: 1.623 Thread 0x0000026a963f7a70 nmethod 2008 0x0000026a87d52590 code [0x0000026a87d527c0, 0x0000026a87d52dd8]
Event: 1.623 Thread 0x0000026a963f7a70 2011       1       java.util.ArrayDeque::addFirst (51 bytes)
Event: 1.623 Thread 0x0000026a963f7a70 nmethod 2011 0x0000026a87d53310 code [0x0000026a87d534c0, 0x0000026a87d53778]
Event: 1.625 Thread 0x0000026a97086470 nmethod 2010 0x0000026a87d53890 code [0x0000026a87d53c20, 0x0000026a87d54d88]
Event: 1.631 Thread 0x0000026a97834d90 2013       1       java.util.Collections$SingletonList::<init> (10 bytes)
Event: 1.631 Thread 0x0000026a963f7a70 2012       1       java.util.Collections::singletonList (9 bytes)
Event: 1.631 Thread 0x0000026a97834d90 nmethod 2013 0x0000026a87d55890 code [0x0000026a87d55a20, 0x0000026a87d55b38]
Event: 1.631 Thread 0x0000026a963f7a70 nmethod 2012 0x0000026a87d55b90 code [0x0000026a87d55d20, 0x0000026a87d55e78]

GC Heap History (4 events):
Event: 0.907 GC heap before
{Heap before GC invocations=0 (full 0):
 garbage-first heap   total 294912K, used 20480K [0x00000006e0c00000, 0x0000000800000000)
  region size 4096K, 5 young (20480K), 0 survivors (0K)
 Metaspace       used 6433K, committed 6592K, reserved 1056768K
  class space    used 792K, committed 896K, reserved 1048576K
}
Event: 0.914 GC heap after
{Heap after GC invocations=1 (full 0):
 garbage-first heap   total 294912K, used 6951K [0x00000006e0c00000, 0x0000000800000000)
  region size 4096K, 1 young (4096K), 1 survivors (4096K)
 Metaspace       used 6433K, committed 6592K, reserved 1056768K
  class space    used 792K, committed 896K, reserved 1048576K
}
Event: 1.248 GC heap before
{Heap before GC invocations=1 (full 0):
 garbage-first heap   total 294912K, used 19239K [0x00000006e0c00000, 0x0000000800000000)
  region size 4096K, 4 young (16384K), 1 survivors (4096K)
 Metaspace       used 9106K, committed 9344K, reserved 1064960K
  class space    used 1224K, committed 1344K, reserved 1048576K
}
Event: 1.253 GC heap after
{Heap after GC invocations=2 (full 0):
 garbage-first heap   total 294912K, used 8111K [0x00000006e0c00000, 0x0000000800000000)
  region size 4096K, 1 young (4096K), 1 survivors (4096K)
 Metaspace       used 9106K, committed 9344K, reserved 1064960K
  class space    used 1224K, committed 1344K, reserved 1048576K
}

Deoptimization events (2 events):
Event: 1.474 Thread 0x0000026afe468b30 DEOPT PACKING pc=0x0000026a87d1af79 sp=0x00000086004fd1c0
Event: 1.474 Thread 0x0000026afe468b30 DEOPT UNPACKING pc=0x0000026a877f2b43 sp=0x00000086004fc6a0 mode 3

Classes unloaded (0 events):
No events

Classes redefined (0 events):
No events

Internal exceptions (20 events):
Event: 1.270 Thread 0x0000026afe468b30 Exception <a 'java/lang/NoSuchMethodError'{0x00000006f285e148}: 'void java.lang.invoke.DirectMethodHandle$Holder.invokeVirtual(java.lang.Object, java.lang.Object, java.lang.Object, java.lang.Object)'> (0x00000006f285e148) 
thrown [s\open\src\hotspot\share\interpreter\linkResolver.cpp, line 759]
Event: 1.308 Thread 0x0000026afe468b30 Exception <a 'java/lang/NoSuchMethodError'{0x00000006f2a8e8f8}: 'void java.lang.invoke.DirectMethodHandle$Holder.invokeSpecial(java.lang.Object, java.lang.Object, java.lang.Object)'> (0x00000006f2a8e8f8) 
thrown [s\open\src\hotspot\share\interpreter\linkResolver.cpp, line 759]
Event: 1.309 Thread 0x0000026afe468b30 Exception <a 'java/lang/NoSuchMethodError'{0x00000006f2a94ed0}: 'void java.lang.invoke.DirectMethodHandle$Holder.invokeSpecial(java.lang.Object, java.lang.Object, java.lang.Object, java.lang.Object, java.lang.Object)'> (0x00000006f2a94ed0) 
thrown [s\open\src\hotspot\share\interpreter\linkResolver.cpp, line 759]
Event: 1.378 Thread 0x0000026a97523c90 Exception <a 'java/lang/NoSuchMethodError'{0x00000006f2001260}: 'void java.lang.invoke.DirectMethodHandle$Holder.invokeInterface(java.lang.Object, java.lang.Object, java.lang.Object, java.lang.Object)'> (0x00000006f2001260) 
thrown [s\open\src\hotspot\share\interpreter\linkResolver.cpp, line 759]
Event: 1.423 Thread 0x0000026a97523c90 Exception <a 'java/lang/NoSuchMethodError'{0x00000006f22b0b58}: 'org.slf4j.impl.StaticMDCBinder org.slf4j.impl.StaticMDCBinder.getSingleton()'> (0x00000006f22b0b58) 
thrown [s\open\src\hotspot\share\interpreter\linkResolver.cpp, line 759]
Event: 1.573 Thread 0x0000026afe468b30 Exception <a 'java/lang/ClassNotFoundException'{0x00000006f179dbe8}: java/lang/ObjectCustomizer> (0x00000006f179dbe8) 
thrown [s\open\src\hotspot\share\classfile\systemDictionary.cpp, line 256]
Event: 1.576 Thread 0x0000026afe468b30 Exception <a 'java/lang/IncompatibleClassChangeError'{0x00000006f17a2958}: Found class java.lang.Object, but interface was expected> (0x00000006f17a2958) 
thrown [s\open\src\hotspot\share\interpreter\linkResolver.cpp, line 826]
Event: 1.580 Thread 0x0000026afe468b30 Exception <a 'java/lang/ClassNotFoundException'{0x00000006f17b6e18}: org/springframework/context/annotation/ConfigurationClassPostProcessorCustomizer> (0x00000006f17b6e18) 
thrown [s\open\src\hotspot\share\classfile\systemDictionary.cpp, line 256]
Event: 1.584 Thread 0x0000026afe468b30 Exception <a 'java/lang/ClassNotFoundException'{0x00000006f17d6810}: org/springframework/beans/factory/support/BeanDefinitionRegistryPostProcessorCustomizer> (0x00000006f17d6810) 
thrown [s\open\src\hotspot\share\classfile\systemDictionary.cpp, line 256]
Event: 1.585 Thread 0x0000026afe468b30 Exception <a 'java/lang/ClassNotFoundException'{0x00000006f17dc2b0}: org/springframework/beans/factory/config/BeanFactoryPostProcessorCustomizer> (0x00000006f17dc2b0) 
thrown [s\open\src\hotspot\share\classfile\systemDictionary.cpp, line 256]
Event: 1.586 Thread 0x0000026afe468b30 Exception <a 'java/lang/ClassNotFoundException'{0x00000006f17e19b8}: org/springframework/core/PriorityOrderedCustomizer> (0x00000006f17e19b8) 
thrown [s\open\src\hotspot\share\classfile\systemDictionary.cpp, line 256]
Event: 1.587 Thread 0x0000026afe468b30 Exception <a 'java/lang/ClassNotFoundException'{0x00000006f17e5ca8}: org/springframework/core/OrderedCustomizer> (0x00000006f17e5ca8) 
thrown [s\open\src\hotspot\share\classfile\systemDictionary.cpp, line 256]
Event: 1.588 Thread 0x0000026afe468b30 Exception <a 'java/lang/ClassNotFoundException'{0x00000006f17eb2b0}: org/springframework/context/ResourceLoaderAwareCustomizer> (0x00000006f17eb2b0) 
thrown [s\open\src\hotspot\share\classfile\systemDictionary.cpp, line 256]
Event: 1.589 Thread 0x0000026afe468b30 Exception <a 'java/lang/ClassNotFoundException'{0x00000006f17f09b0}: org/springframework/beans/factory/AwareCustomizer> (0x00000006f17f09b0) 
thrown [s\open\src\hotspot\share\classfile\systemDictionary.cpp, line 256]
Event: 1.589 Thread 0x0000026afe468b30 Exception <a 'java/lang/ClassNotFoundException'{0x00000006f17f50d8}: org/springframework/context/ApplicationStartupAwareCustomizer> (0x00000006f17f50d8) 
thrown [s\open\src\hotspot\share\classfile\systemDictionary.cpp, line 256]
Event: 1.590 Thread 0x0000026afe468b30 Exception <a 'java/lang/ClassNotFoundException'{0x00000006f17faa60}: org/springframework/beans/factory/AwareCustomizer> (0x00000006f17faa60) 
thrown [s\open\src\hotspot\share\classfile\systemDictionary.cpp, line 256]
Event: 1.590 Thread 0x0000026afe468b30 Exception <a 'java/lang/ClassNotFoundException'{0x00000006f17ff260}: org/springframework/beans/factory/BeanClassLoaderAwareCustomizer> (0x00000006f17ff260) 
thrown [s\open\src\hotspot\share\classfile\systemDictionary.cpp, line 256]
Event: 1.590 Thread 0x0000026afe468b30 Exception <a 'java/lang/ClassNotFoundException'{0x00000006f10a94b0}: org/springframework/beans/factory/AwareCustomizer> (0x00000006f10a94b0) 
thrown [s\open\src\hotspot\share\classfile\systemDictionary.cpp, line 256]
Event: 1.591 Thread 0x0000026afe468b30 Exception <a 'java/lang/ClassNotFoundException'{0x00000006f10ad920}: org/springframework/context/EnvironmentAwareCustomizer> (0x00000006f10ad920) 
thrown [s\open\src\hotspot\share\classfile\systemDictionary.cpp, line 256]
Event: 1.592 Thread 0x0000026afe468b30 Exception <a 'java/lang/ClassNotFoundException'{0x00000006f10b2fa0}: org/springframework/beans/factory/AwareCustomizer> (0x00000006f10b2fa0) 
thrown [s\open\src\hotspot\share\classfile\systemDictionary.cpp, line 256]

VM Operations (20 events):
Event: 0.503 Executing VM operation: HandshakeAllThreads
Event: 0.503 Executing VM operation: HandshakeAllThreads done
Event: 0.792 Executing VM operation: HandshakeAllThreads
Event: 0.792 Executing VM operation: HandshakeAllThreads done
Event: 0.907 Executing VM operation: G1CollectForAllocation
Event: 0.914 Executing VM operation: G1CollectForAllocation done
Event: 0.960 Executing VM operation: HandshakeAllThreads
Event: 0.960 Executing VM operation: HandshakeAllThreads done
Event: 1.162 Executing VM operation: HandshakeAllThreads
Event: 1.162 Executing VM operation: HandshakeAllThreads done
Event: 1.248 Executing VM operation: G1CollectForAllocation
Event: 1.253 Executing VM operation: G1CollectForAllocation done
Event: 1.489 Executing VM operation: HandshakeAllThreads
Event: 1.489 Executing VM operation: HandshakeAllThreads done
Event: 1.504 Executing VM operation: HandshakeAllThreads
Event: 1.504 Executing VM operation: HandshakeAllThreads done
Event: 1.536 Executing VM operation: HandshakeAllThreads
Event: 1.536 Executing VM operation: HandshakeAllThreads done
Event: 1.605 Executing VM operation: HandshakeAllThreads
Event: 1.605 Executing VM operation: HandshakeAllThreads done

Events (20 events):
Event: 1.580 loading class sun/reflect/generics/tree/DoubleSignature
Event: 1.580 loading class sun/reflect/generics/tree/DoubleSignature done
Event: 1.580 loading class sun/reflect/generics/tree/FloatSignature
Event: 1.580 loading class sun/reflect/generics/tree/FloatSignature done
Event: 1.580 loading class sun/reflect/generics/tree/IntSignature
Event: 1.581 loading class sun/reflect/generics/tree/IntSignature done
Event: 1.581 loading class sun/reflect/generics/tree/ShortSignature
Event: 1.581 loading class sun/reflect/generics/tree/ShortSignature done
Event: 1.581 loading class java/util/Hashtable$EntrySet
Event: 1.581 loading class java/util/Hashtable$EntrySet done
Event: 1.583 loading class java/util/AbstractList$ListItr
Event: 1.583 loading class java/util/AbstractList$ListItr done
Event: 1.602 loading class java/net/SocketException
Event: 1.602 loading class java/net/SocketException done
Event: 1.618 loading class java/util/regex/Pattern$LazyLoop
Event: 1.618 loading class java/util/regex/Pattern$Loop
Event: 1.618 loading class java/util/regex/Pattern$Loop done
Event: 1.618 loading class java/util/regex/Pattern$LazyLoop done
Event: 1.618 loading class java/util/regex/Pattern$Prolog
Event: 1.618 loading class java/util/regex/Pattern$Prolog done


Dynamic libraries:
0x00007ff640390000 - 0x00007ff6403a0000 	C:\Program Files\Java\jdk-17.0.4\bin\java.exe
0x00007ffe09710000 - 0x00007ffe09908000 	C:\Windows\SYSTEM32\ntdll.dll
0x00007ffe08350000 - 0x00007ffe0840f000 	C:\Windows\System32\KERNEL32.DLL
0x00007ffe071c0000 - 0x00007ffe07492000 	C:\Windows\System32\KERNELBASE.dll
0x00007ffe070c0000 - 0x00007ffe071c0000 	C:\Windows\System32\ucrtbase.dll
0x00007ffdf5820000 - 0x00007ffdf583a000 	C:\Program Files\Java\jdk-17.0.4\bin\VCRUNTIME140.dll
0x00007ffdf65b0000 - 0x00007ffdf65c8000 	C:\Program Files\Java\jdk-17.0.4\bin\jli.dll
0x00007ffe08700000 - 0x00007ffe087ae000 	C:\Windows\System32\ADVAPI32.dll
0x00007ffe07a70000 - 0x00007ffe07b0e000 	C:\Windows\System32\msvcrt.dll
0x00007ffe09600000 - 0x00007ffe0969c000 	C:\Windows\System32\sechost.dll
0x00007ffe07b10000 - 0x00007ffe07c35000 	C:\Windows\System32\RPCRT4.dll
0x00007ffe087b0000 - 0x00007ffe0894d000 	C:\Windows\System32\USER32.dll
0x00007ffe07090000 - 0x00007ffe070b2000 	C:\Windows\System32\win32u.dll
0x00007ffdf4df0000 - 0x00007ffdf508a000 	C:\Windows\WinSxS\amd64_microsoft.windows.common-controls_6595b64144ccf1df_6.0.19041.1110_none_60b5254171f9507e\COMCTL32.dll
0x00007ffe096a0000 - 0x00007ffe096cb000 	C:\Windows\System32\GDI32.dll
0x00007ffe07650000 - 0x00007ffe0775f000 	C:\Windows\System32\gdi32full.dll
0x00007ffe06e40000 - 0x00007ffe06edd000 	C:\Windows\System32\msvcp_win.dll
0x00007ffdfcca0000 - 0x00007ffdfccaa000 	C:\Windows\SYSTEM32\VERSION.dll
0x00007ffe08610000 - 0x00007ffe08642000 	C:\Windows\System32\IMM32.DLL
0x00007ffdf77a0000 - 0x00007ffdf77ac000 	C:\Program Files\Java\jdk-17.0.4\bin\vcruntime140_1.dll
0x00007ffde18d0000 - 0x00007ffde195d000 	C:\Program Files\Java\jdk-17.0.4\bin\msvcp140.dll
0x00007ffdc6280000 - 0x00007ffdc6e42000 	C:\Program Files\Java\jdk-17.0.4\bin\server\jvm.dll
0x00007ffe082c0000 - 0x00007ffe082c8000 	C:\Windows\System32\PSAPI.DLL
0x00007ffdfcc40000 - 0x00007ffdfcc67000 	C:\Windows\SYSTEM32\WINMM.dll
0x00007ffe007b0000 - 0x00007ffe007b9000 	C:\Windows\SYSTEM32\WSOCK32.dll
0x00007ffe07930000 - 0x00007ffe0799b000 	C:\Windows\System32\WS2_32.dll
0x00007ffe04cd0000 - 0x00007ffe04ce2000 	C:\Windows\SYSTEM32\kernel.appcore.dll
0x00007ffdf6e60000 - 0x00007ffdf6e6a000 	C:\Program Files\Java\jdk-17.0.4\bin\jimage.dll
0x00007ffdfa1b0000 - 0x00007ffdfa394000 	C:\Windows\SYSTEM32\DBGHELP.DLL
0x00007ffdf2d90000 - 0x00007ffdf2dbc000 	C:\Windows\SYSTEM32\dbgcore.DLL
0x00007ffe075c0000 - 0x00007ffe07642000 	C:\Windows\System32\bcryptPrimitives.dll
0x00007ffe02da0000 - 0x00007ffe02dae000 	C:\Program Files\Java\jdk-17.0.4\bin\instrument.dll
0x00007ffde9ba0000 - 0x00007ffde9bc5000 	C:\Program Files\Java\jdk-17.0.4\bin\java.dll
0x00007ffddc810000 - 0x00007ffddc8e6000 	C:\Program Files\Java\jdk-17.0.4\bin\jsvml.dll
0x00007ffe08dd0000 - 0x00007ffe09513000 	C:\Windows\System32\SHELL32.dll
0x00007ffe04ed0000 - 0x00007ffe05662000 	C:\Windows\SYSTEM32\windows.storage.dll
0x00007ffe07db0000 - 0x00007ffe08104000 	C:\Windows\System32\combase.dll
0x00007ffe06790000 - 0x00007ffe067c0000 	C:\Windows\SYSTEM32\Wldp.dll
0x00007ffe08650000 - 0x00007ffe086fd000 	C:\Windows\System32\SHCORE.dll
0x00007ffe07c60000 - 0x00007ffe07cb5000 	C:\Windows\System32\shlwapi.dll
0x00007ffe06d50000 - 0x00007ffe06d6f000 	C:\Windows\SYSTEM32\profapi.dll
0x00007ffde9b80000 - 0x00007ffde9b98000 	C:\Program Files\Java\jdk-17.0.4\bin\zip.dll
0x00007ffdf44f0000 - 0x00007ffdf4509000 	C:\Program Files\Java\jdk-17.0.4\bin\net.dll
0x00007ffdf6820000 - 0x00007ffdf692c000 	C:\Windows\SYSTEM32\WINHTTP.dll
0x00007ffe064f0000 - 0x00007ffe0655a000 	C:\Windows\system32\mswsock.dll
0x00007ffdea920000 - 0x00007ffdea936000 	C:\Program Files\Java\jdk-17.0.4\bin\nio.dll
0x00007ffe01500000 - 0x00007ffe0151a000 	D:\IDE\IntelliJ IDEA 2022.2.3\bin\breakgen64.dll
0x00007ffe06220000 - 0x00007ffe062ea000 	C:\Windows\SYSTEM32\DNSAPI.dll
0x00007ffe061e0000 - 0x00007ffe0621b000 	C:\Windows\SYSTEM32\IPHLPAPI.DLL
0x00007ffe08950000 - 0x00007ffe08958000 	C:\Windows\System32\NSI.dll
0x00007ffdf6760000 - 0x00007ffdf676a000 	C:\Windows\System32\rasadhlp.dll
0x00007ffdf67a0000 - 0x00007ffdf6820000 	C:\Windows\System32\fwpuclnt.dll
0x00007ffe06e10000 - 0x00007ffe06e37000 	C:\Windows\System32\bcrypt.dll
0x00007ffe02d90000 - 0x00007ffe02d99000 	C:\Program Files\Java\jdk-17.0.4\bin\management.dll
0x00007ffe02d80000 - 0x00007ffe02d8b000 	C:\Program Files\Java\jdk-17.0.4\bin\management_ext.dll
0x00007ffe066e0000 - 0x00007ffe066f8000 	C:\Windows\SYSTEM32\CRYPTSP.dll
0x00007ffe05e10000 - 0x00007ffe05e44000 	C:\Windows\system32\rsaenh.dll
0x00007ffe06cd0000 - 0x00007ffe06cfe000 	C:\Windows\SYSTEM32\USERENV.dll
0x00007ffe06700000 - 0x00007ffe0670c000 	C:\Windows\SYSTEM32\CRYPTBASE.dll
0x00007ffdfd6e0000 - 0x00007ffdfd6f7000 	C:\Windows\SYSTEM32\dhcpcsvc6.DLL
0x00007ffdff710000 - 0x00007ffdff72d000 	C:\Windows\SYSTEM32\dhcpcsvc.DLL
0x00007ffdefcc0000 - 0x00007ffdefcd7000 	C:\Windows\system32\napinsp.dll
0x00007ffdefca0000 - 0x00007ffdefcbb000 	C:\Windows\system32\pnrpnsp.dll
0x00007ffe01ae0000 - 0x00007ffe01af5000 	C:\Windows\system32\wshbth.dll
0x00007ffe02800000 - 0x00007ffe0281d000 	C:\Windows\system32\NLAapi.dll
0x00007ffdefc80000 - 0x00007ffdefc92000 	C:\Windows\System32\winrnr.dll
0x00007ffdf50c0000 - 0x00007ffdf50d0000 	C:\Program Files\Java\jdk-17.0.4\bin\verify.dll

dbghelp: loaded successfully - version: 4.0.5 - missing functions: none
symbol engine: initialized successfully - sym options: 0x614 - pdb path: .;C:\Program Files\Java\jdk-17.0.4\bin;C:\Windows\SYSTEM32;C:\Windows\WinSxS\amd64_microsoft.windows.common-controls_6595b64144ccf1df_6.0.19041.1110_none_60b5254171f9507e;C:\Program Files\Java\jdk-17.0.4\bin\server;D:\IDE\IntelliJ IDEA 2022.2.3\bin

VM Arguments:
jvm_args: -XX:TieredStopAtLevel=1 -Dspring.output.ansi.enabled=always -Dcom.sun.management.jmxremote -Dspring.jmx.enabled=true -Dspring.liveBeansView.mbeanDomain -Dspring.application.admin.enabled=true -javaagent:D:\IDE\IntelliJ IDEA 2022.2.3\lib\idea_rt.jar=49330:D:\IDE\IntelliJ IDEA 2022.2.3\bin -Dfile.encoding=UTF-8 
java_command: ru.kata.spring.boot_security.demo.SpringBootSecurityDemoApplication
java_class_path (initial): D:\Projects\PP_3_1_2_Boot_Security-master\target\classes;C:\Users\ACER\.m2\repository\org\springframework\boot\spring-boot-starter-thymeleaf\2.7.5\spring-boot-starter-thymeleaf-2.7.5.jar;C:\Users\ACER\.m2\repository\org\springframework\boot\spring-boot-starter\2.7.5\spring-boot-starter-2.7.5.jar;C:\Users\ACER\.m2\repository\org\springframework\boot\spring-boot\2.7.5\spring-boot-2.7.5.jar;C:\Users\ACER\.m2\repository\org\springframework\boot\spring-boot-autoconfigure\2.7.5\spring-boot-autoconfigure-2.7.5.jar;C:\Users\ACER\.m2\repository\org\springframework\boot\spring-boot-starter-logging\2.7.5\spring-boot-starter-logging-2.7.5.jar;C:\Users\ACER\.m2\repository\ch\qos\logback\logback-classic\1.2.11\logback-classic-1.2.11.jar;C:\Users\ACER\.m2\repository\ch\qos\logback\logback-core\1.2.11\logback-core-1.2.11.jar;C:\Users\ACER\.m2\repository\org\apache\logging\log4j\log4j-to-slf4j\2.17.2\log4j-to-slf4j-2.17.2.jar;C:\Users\ACER\.m2\repository\org\apache\logging\log4j\log4j-api\2.17.2\log4j-api-2.17.2.jar;C:\Users\ACER\.m2\repository\org\slf4j\jul-to-slf4j\1.7.36\jul-to-slf4j-1.7.36.jar;C:\Users\ACER\.m2\repository\jakarta\annotation\jakarta.annotation-api\1.3.5\jakarta.annotation-api-1.3.5.jar;C:\Users\ACER\.m2\repository\org\yaml\snakeyaml\1.30\snakeyaml-1.30.jar;C:\Users\ACER\.m2\repository\org\thymeleaf\thymeleaf-spring5\3.0.15.RELEASE\thymeleaf-spring5-3.0.15.RELEASE.jar;C:\Users\ACER\.m2\repository\org\thymeleaf\thymeleaf\3.0.15.RELEASE\thymeleaf-3.0.15.RELEASE.jar;C:\Users\ACER\.m2\repository\org\attoparser\attoparser\2.0.5.RELEASE\attoparser-2.0.5.RELEASE.jar;C:\Users\ACER\.m2\repository\org\unbescape\unbescape\1.1.6.RELEASE\unbescape-1.1.6.RELEASE.jar;C:\Users\ACER\.m2\repository\org\slf4j\slf4j-api\1.7.36\slf4j-api-1.7.36.jar;C:\Users\ACER\.m2\repository\org\thymeleaf\extras\thymeleaf-extras-java8time\3.0.4.RELEASE\thymeleaf-extras-java8time-3.0.4.RELEASE.jar;C:\Users\ACER\.m2\repository\org\springframework\boot\spring-boot-starter-w
Launcher Type: SUN_STANDARD

[Global flags]
     intx CICompilerCount                          = 4                                         {product} {ergonomic}
     uint ConcGCThreads                            = 2                                         {product} {ergonomic}
     uint G1ConcRefinementThreads                  = 8                                         {product} {ergonomic}
   size_t G1HeapRegionSize                         = 4194304                                   {product} {ergonomic}
    uintx GCDrainStackTargetSize                   = 64                                        {product} {ergonomic}
   size_t InitialHeapSize                          = 301989888                                 {product} {ergonomic}
     bool ManagementServer                         = true                                      {product} {command line}
   size_t MarkStackSize                            = 4194304                                   {product} {ergonomic}
   size_t MaxHeapSize                              = 4819255296                                {product} {ergonomic}
   size_t MaxNewSize                               = 2889875456                                {product} {ergonomic}
   size_t MinHeapDeltaBytes                        = 4194304                                   {product} {ergonomic}
   size_t MinHeapSize                              = 8388608                                   {product} {ergonomic}
    uintx NonProfiledCodeHeapSize                  = 0                                      {pd product} {ergonomic}
     bool ProfileInterpreter                       = false                                  {pd product} {command line}
    uintx ProfiledCodeHeapSize                     = 0                                      {pd product} {ergonomic}
   size_t SoftMaxHeapSize                          = 4819255296                             {manageable} {ergonomic}
     intx TieredStopAtLevel                        = 1                                         {product} {command line}
     bool UseCompressedClassPointers               = true                           {product lp64_product} {ergonomic}
     bool UseCompressedOops                        = true                           {product lp64_product} {ergonomic}
     bool UseG1GC                                  = true                                      {product} {ergonomic}
     bool UseLargePagesIndividualAllocation        = false                                  {pd product} {ergonomic}

Logging:
Log output configuration:
 #0: stdout all=warning uptime,level,tags
 #1: stderr all=off uptime,level,tags

Environment Variables:
PATH=C:\ProgramData\Oracle\Java\javapath;C:\Program Files\Common Files\Oracle\Java\javapath;C:\Windows\system32;C:\Windows;C:\Windows\System32\Wbem;C:\Windows\System32\WindowsPowerShell\v1.0\;C:\Windows\System32\OpenSSH\;C:\Program Files\Git\cmd;C:\Program Files\MySQL\MySQL Shell 8.0\bin\;C:\Users\ACER\AppData\Local\Microsoft\WindowsApps;
USERNAME=ACER
OS=Windows_NT
PROCESSOR_IDENTIFIER=AMD64 Family 23 Model 24 Stepping 1, AuthenticAMD



---------------  S Y S T E M  ---------------

OS:
 Windows 10 , 64 bit Build 19041 (10.0.19041.2251)
OS uptime: 2 days 4:48 hours

CPU: total 8 (initial active 8) (8 cores per cpu, 2 threads per core) family 23 model 24 stepping 1 microcode 0x0, cx8, cmov, fxsr, ht, mmx, 3dnowpref, sse, sse2, sse3, ssse3, sse4a, sse4.1, sse4.2, popcnt, lzcnt, tsc, tscinvbit, avx, avx2, aes, clmul, bmi1, bmi2, adx, sha, fma, vzeroupper, clflush, clflushopt

Memory: 4k page, system-wide physical 18370M (1473M free)
TotalPageFile size 18370M (AvailPageFile size 4M)
current process WorkingSet (physical memory assigned to process): 96M, peak: 96M
current process commit charge ("private bytes"): 400M, peak: 400M

vm_info: Java HotSpot(TM) 64-Bit Server VM (17.0.4+11-LTS-179) for windows-amd64 JRE (17.0.4+11-LTS-179), built on Jun 28 2022 08:23:05 by "mach5one" with MS VC++ 16.8 / 16.9 (VS2019)

END.
